  [1m[36mActiveRecord::SchemaMigration Load (6.7ms)[0m  [1mSELECT `schema_migrations`.* FROM `schema_migrations`[0m
Migrating to ChangeColumnName (20160520153556)
  [1m[35m (77.7ms)[0m  ALTER TABLE `invites` CHANGE `join` `is_joined` tinyint(1) DEFAULT NULL
  [1m[36m (0.1ms)[0m  [1mBEGIN[0m
  [1m[35mSQL (12.7ms)[0m  INSERT INTO `schema_migrations` (`version`) VALUES ('20160520153556')
  [1m[36m (42.8ms)[0m  [1mCOMMIT[0m
  [1m[35mActiveRecord::SchemaMigration Load (0.1ms)[0m  SELECT `schema_migrations`.* FROM `schema_migrations`
  [1m[36m (0.3ms)[0m  [1mSELECT fk.referenced_table_name as 'to_table'
      ,fk.referenced_column_name as 'primary_key'
      ,fk.column_name as 'column'
      ,fk.constraint_name as 'name'
FROM information_schema.key_column_usage fk
WHERE fk.referenced_column_name is not null
  AND fk.table_schema = 'yallanotlob_development'
  AND fk.table_name = 'amount_orders'
[0m
  [1m[35m (0.2ms)[0m  SHOW CREATE TABLE `amount_orders`
  [1m[36m (0.3ms)[0m  [1mSELECT fk.referenced_table_name as 'to_table'
      ,fk.referenced_column_name as 'primary_key'
      ,fk.column_name as 'column'
      ,fk.constraint_name as 'name'
FROM information_schema.key_column_usage fk
WHERE fk.referenced_column_name is not null
  AND fk.table_schema = 'yallanotlob_development'
  AND fk.table_name = 'friends'
[0m
  [1m[35m (0.2ms)[0m  SHOW CREATE TABLE `friends`
  [1m[36m (0.2ms)[0m  [1mSELECT fk.referenced_table_name as 'to_table'
      ,fk.referenced_column_name as 'primary_key'
      ,fk.column_name as 'column'
      ,fk.constraint_name as 'name'
FROM information_schema.key_column_usage fk
WHERE fk.referenced_column_name is not null
  AND fk.table_schema = 'yallanotlob_development'
  AND fk.table_name = 'groups'
[0m
  [1m[35m (0.1ms)[0m  SHOW CREATE TABLE `groups`
  [1m[36m (0.3ms)[0m  [1mSELECT fk.referenced_table_name as 'to_table'
      ,fk.referenced_column_name as 'primary_key'
      ,fk.column_name as 'column'
      ,fk.constraint_name as 'name'
FROM information_schema.key_column_usage fk
WHERE fk.referenced_column_name is not null
  AND fk.table_schema = 'yallanotlob_development'
  AND fk.table_name = 'invites'
[0m
  [1m[35m (0.1ms)[0m  SHOW CREATE TABLE `invites`
  [1m[36m (0.2ms)[0m  [1mSELECT fk.referenced_table_name as 'to_table'
      ,fk.referenced_column_name as 'primary_key'
      ,fk.column_name as 'column'
      ,fk.constraint_name as 'name'
FROM information_schema.key_column_usage fk
WHERE fk.referenced_column_name is not null
  AND fk.table_schema = 'yallanotlob_development'
  AND fk.table_name = 'orders'
[0m
  [1m[35m (0.2ms)[0m  SHOW CREATE TABLE `orders`
  [1m[36m (0.2ms)[0m  [1mSELECT fk.referenced_table_name as 'to_table'
      ,fk.referenced_column_name as 'primary_key'
      ,fk.column_name as 'column'
      ,fk.constraint_name as 'name'
FROM information_schema.key_column_usage fk
WHERE fk.referenced_column_name is not null
  AND fk.table_schema = 'yallanotlob_development'
  AND fk.table_name = 'users'
[0m
  [1m[35m (0.1ms)[0m  SHOW CREATE TABLE `users`


Started GET "/" for 127.0.0.1 at 2016-05-21 11:09:32 +0200
  [1m[36mActiveRecord::SchemaMigration Load (0.2ms)[0m  [1mSELECT `schema_migrations`.* FROM `schema_migrations`[0m
Processing by UserController#index as HTML
  [1m[35mUser Load (0.3ms)[0m  SELECT  `users`.* FROM `users` WHERE `users`.`id` = 1  ORDER BY `users`.`id` ASC LIMIT 1
  Rendered user/index.html.erb within layouts/application (4.3ms)
Completed 200 OK in 8568ms (Views: 8503.9ms | ActiveRecord: 1.4ms)


Started GET "/assets/amount_orders.self-e3b0c44298fc1c149afbf4c8996fb92427ae41e4649b934ca495991b7852b855.css?body=1" for 127.0.0.1 at 2016-05-21 11:09:41 +0200


Started GET "/assets/count.self-e3b0c44298fc1c149afbf4c8996fb92427ae41e4649b934ca495991b7852b855.css?body=1" for 127.0.0.1 at 2016-05-21 11:09:41 +0200


Started GET "/assets/friends.self-e3b0c44298fc1c149afbf4c8996fb92427ae41e4649b934ca495991b7852b855.css?body=1" for 127.0.0.1 at 2016-05-21 11:09:41 +0200


Started GET "/assets/groups.self-e3b0c44298fc1c149afbf4c8996fb92427ae41e4649b934ca495991b7852b855.css?body=1" for 127.0.0.1 at 2016-05-21 11:09:41 +0200


Started GET "/assets/invites.self-e3b0c44298fc1c149afbf4c8996fb92427ae41e4649b934ca495991b7852b855.css?body=1" for 127.0.0.1 at 2016-05-21 11:09:41 +0200


Started GET "/assets/orders.self-e3b0c44298fc1c149afbf4c8996fb92427ae41e4649b934ca495991b7852b855.css?body=1" for 127.0.0.1 at 2016-05-21 11:09:41 +0200


Started GET "/assets/scaffolds.self-e625110ad739692679411065f8a5569f570521100d6b2d82935fbeb35d29d772.css?body=1" for 127.0.0.1 at 2016-05-21 11:09:41 +0200


Started GET "/assets/websocket_rails/event.self-04d5bb47819660cff48dbf6cc594435e5d0d1107d44470b0890165896fa90030.js?body=1" for 127.0.0.1 at 2016-05-21 11:09:41 +0200


Started GET "/assets/application.self-e80e8f2318043e8af94dddc2adad5a4f09739a8ebb323b3ab31cd71d45fd9113.css?body=1" for 127.0.0.1 at 2016-05-21 11:09:41 +0200


Started GET "/assets/websocket_rails/websocket_rails.self-b0fea3efa3fdd47f32cd4280ccc18488ffd7f2136c7c563c63c217044182fe1e.js?body=1" for 127.0.0.1 at 2016-05-21 11:09:41 +0200


Started GET "/assets/websocket_rails/abstract_connection.self-c59ade07c40033b31f560ae7c6681d3ecc9eca88006e020116d0e538bee3c632.js?body=1" for 127.0.0.1 at 2016-05-21 11:09:41 +0200


Started GET "/assets/websocket_rails/http_connection.self-8314b61f89b6ebcab2dbf126cbb99f4cf0feb5f417530abf373727b653eaf125.js?body=1" for 127.0.0.1 at 2016-05-21 11:09:41 +0200


Started GET "/assets/jquery.self-660adc51e0224b731d29f575a6f1ec167ba08ad06ed5deca4f1e8654c135bf4c.js?body=1" for 127.0.0.1 at 2016-05-21 11:09:41 +0200


Started GET "/assets/websocket_rails/websocket_connection.self-a4fd5d8dc295df9ccfa03dae5df35d9a8fd1c54f21afc3c9cef931eff8a980e3.js?body=1" for 127.0.0.1 at 2016-05-21 11:09:41 +0200


Started GET "/assets/websocket_rails/channel.self-51e0b70af4cf956496d3b5ea4b739ec4cc25f979f3eff7abe53a8b4065643e6b.js?body=1" for 127.0.0.1 at 2016-05-21 11:09:41 +0200


Started GET "/assets/websocket_rails/main.self-d088784b7ecb87f1ea17e6f982fa968ffefcc07b79de6ecc548fc00242868da6.js?body=1" for 127.0.0.1 at 2016-05-21 11:09:41 +0200


Started GET "/assets/jquery_ujs.self-e87806d0cf4489aeb1bb7288016024e8de67fd18db693fe026fe3907581e53cd.js?body=1" for 127.0.0.1 at 2016-05-21 11:09:41 +0200


Started GET "/assets/turbolinks.self-c37727e9bd6b2735da5c311aa83fead54ed0be6cc8bd9a65309e9c5abe2cbfff.js?body=1" for 127.0.0.1 at 2016-05-21 11:09:41 +0200


Started GET "/assets/groups.self-877aef30ae1b040ab8a3aba4e3e309a11d7f2612f44dde450b5c157aa5f95c05.js?body=1" for 127.0.0.1 at 2016-05-21 11:09:41 +0200


Started GET "/assets/invites.self-877aef30ae1b040ab8a3aba4e3e309a11d7f2612f44dde450b5c157aa5f95c05.js?body=1" for 127.0.0.1 at 2016-05-21 11:09:41 +0200


Started GET "/assets/amount_orders.self-877aef30ae1b040ab8a3aba4e3e309a11d7f2612f44dde450b5c157aa5f95c05.js?body=1" for 127.0.0.1 at 2016-05-21 11:09:41 +0200


Started GET "/assets/friends.self-877aef30ae1b040ab8a3aba4e3e309a11d7f2612f44dde450b5c157aa5f95c05.js?body=1" for 127.0.0.1 at 2016-05-21 11:09:41 +0200


Started GET "/assets/count.self-877aef30ae1b040ab8a3aba4e3e309a11d7f2612f44dde450b5c157aa5f95c05.js?body=1" for 127.0.0.1 at 2016-05-21 11:09:41 +0200


Started GET "/assets/orders.self-877aef30ae1b040ab8a3aba4e3e309a11d7f2612f44dde450b5c157aa5f95c05.js?body=1" for 127.0.0.1 at 2016-05-21 11:09:41 +0200


Started GET "/assets/application.self-10ad0916cf31256fe71785e8dc9cc297a96b1cdf7b74aeb61711199b9a3d003f.js?body=1" for 127.0.0.1 at 2016-05-21 11:09:41 +0200


Started GET "/friends/new" for 127.0.0.1 at 2016-05-21 11:09:45 +0200
Processing by FriendsController#new as HTML
  Rendered friends/_form.html.erb (103.9ms)
  Rendered friends/new.html.erb within layouts/application (117.0ms)
  [1m[36mUser Load (0.3ms)[0m  [1mSELECT  `users`.* FROM `users` WHERE `users`.`id` = 1  ORDER BY `users`.`id` ASC LIMIT 1[0m
Completed 200 OK in 236ms (Views: 206.1ms | ActiveRecord: 1.1ms)


Started GET "/groups" for 127.0.0.1 at 2016-05-21 11:09:48 +0200
Processing by GroupsController#index as HTML
  [1m[35mGroup Load (0.3ms)[0m  SELECT `groups`.* FROM `groups`
  [1m[36mUser Load (0.2ms)[0m  [1mSELECT  `users`.* FROM `users` WHERE `users`.`id` = 1  ORDER BY `users`.`id` ASC LIMIT 1[0m
  [1m[35mUser Load (0.3ms)[0m  SELECT  `users`.* FROM `users` WHERE `users`.`id` = 3 LIMIT 1
  [1m[36mCACHE (0.0ms)[0m  [1mSELECT  `users`.* FROM `users` WHERE `users`.`id` = 3 LIMIT 1[0m  [["id", 3]]
  [1m[35mUser Load (0.2ms)[0m  SELECT  `users`.* FROM `users` WHERE `users`.`id` = 1 LIMIT 1
  [1m[36mCACHE (0.0ms)[0m  [1mSELECT  `users`.* FROM `users` WHERE `users`.`id` = 3 LIMIT 1[0m  [["id", 3]]
  [1m[35mCACHE (0.0ms)[0m  SELECT  `users`.* FROM `users` WHERE `users`.`id` = 3 LIMIT 1  [["id", 3]]
  [1m[36mCACHE (0.0ms)[0m  [1mSELECT  `users`.* FROM `users` WHERE `users`.`id` = 1 LIMIT 1[0m  [["id", 1]]
  [1m[35mCACHE (0.0ms)[0m  SELECT  `users`.* FROM `users` WHERE `users`.`id` = 1 LIMIT 1  [["id", 1]]
  Rendered groups/index.html.erb within layouts/application (64.6ms)
Completed 200 OK in 138ms (Views: 130.4ms | ActiveRecord: 1.8ms)


Started GET "/groups" for 127.0.0.1 at 2016-05-21 11:09:49 +0200
Processing by GroupsController#index as HTML
  [1m[36mGroup Load (0.3ms)[0m  [1mSELECT `groups`.* FROM `groups`[0m
  [1m[35mUser Load (0.3ms)[0m  SELECT  `users`.* FROM `users` WHERE `users`.`id` = 1  ORDER BY `users`.`id` ASC LIMIT 1
  [1m[36mUser Load (0.3ms)[0m  [1mSELECT  `users`.* FROM `users` WHERE `users`.`id` = 3 LIMIT 1[0m
  [1m[35mCACHE (0.0ms)[0m  SELECT  `users`.* FROM `users` WHERE `users`.`id` = 3 LIMIT 1  [["id", 3]]
  [1m[36mUser Load (0.3ms)[0m  [1mSELECT  `users`.* FROM `users` WHERE `users`.`id` = 1 LIMIT 1[0m
  [1m[35mCACHE (0.0ms)[0m  SELECT  `users`.* FROM `users` WHERE `users`.`id` = 3 LIMIT 1  [["id", 3]]
  [1m[36mCACHE (0.0ms)[0m  [1mSELECT  `users`.* FROM `users` WHERE `users`.`id` = 3 LIMIT 1[0m  [["id", 3]]
  [1m[35mCACHE (0.0ms)[0m  SELECT  `users`.* FROM `users` WHERE `users`.`id` = 1 LIMIT 1  [["id", 1]]
  [1m[36mCACHE (0.0ms)[0m  [1mSELECT  `users`.* FROM `users` WHERE `users`.`id` = 1 LIMIT 1[0m  [["id", 1]]
  Rendered groups/index.html.erb within layouts/application (10.6ms)
Completed 200 OK in 95ms (Views: 92.5ms | ActiveRecord: 1.3ms)


Started GET "/friends" for 127.0.0.1 at 2016-05-21 11:09:53 +0200
Processing by FriendsController#index as HTML
  [1m[35mFriend Load (0.2ms)[0m  SELECT `friends`.* FROM `friends`
  [1m[36mUser Load (0.2ms)[0m  [1mSELECT  `users`.* FROM `users` WHERE `users`.`id` = 1 LIMIT 1[0m
  [1m[35mCACHE (0.0ms)[0m  SELECT  `users`.* FROM `users` WHERE `users`.`id` = 1 LIMIT 1  [["id", 1]]
  Rendered friends/index.html.erb within layouts/application (8.1ms)
  [1m[36mUser Load (0.3ms)[0m  [1mSELECT  `users`.* FROM `users` WHERE `users`.`id` = 1  ORDER BY `users`.`id` ASC LIMIT 1[0m
Completed 200 OK in 75ms (Views: 73.6ms | ActiveRecord: 0.7ms)


Started GET "/orders" for 127.0.0.1 at 2016-05-21 11:09:55 +0200
Processing by OrdersController#index as HTML
  [1m[35mOrder Load (0.3ms)[0m  SELECT `orders`.* FROM `orders`
  Rendered orders/index.html.erb within layouts/application (3.3ms)
  [1m[36mUser Load (0.3ms)[0m  [1mSELECT  `users`.* FROM `users` WHERE `users`.`id` = 1  ORDER BY `users`.`id` ASC LIMIT 1[0m
Completed 200 OK in 90ms (Views: 78.2ms | ActiveRecord: 1.3ms)


Started GET "/groups/new" for 127.0.0.1 at 2016-05-21 11:10:07 +0200
Processing by GroupsController#new as HTML
  Rendered groups/_form.html.erb (20.2ms)
  Rendered groups/new.html.erb within layouts/application (26.9ms)
  [1m[35mUser Load (0.3ms)[0m  SELECT  `users`.* FROM `users` WHERE `users`.`id` = 1  ORDER BY `users`.`id` ASC LIMIT 1
Completed 200 OK in 106ms (Views: 104.3ms | ActiveRecord: 0.3ms)


Started GET "/groups/new" for 127.0.0.1 at 2016-05-21 11:13:26 +0200
Processing by GroupsController#new as HTML
  Rendered groups/_form.html.erb (1.5ms)
  Rendered groups/new.html.erb within layouts/application (4.8ms)
  [1m[36mUser Load (0.3ms)[0m  [1mSELECT  `users`.* FROM `users` WHERE `users`.`id` = 1  ORDER BY `users`.`id` ASC LIMIT 1[0m
Completed 200 OK in 72ms (Views: 71.4ms | ActiveRecord: 0.3ms)


Started GET "/friends/new" for 127.0.0.1 at 2016-05-21 11:13:29 +0200
Processing by FriendsController#new as HTML
  Rendered friends/_form.html.erb (1.8ms)
  Rendered friends/new.html.erb within layouts/application (6.7ms)
  [1m[35mUser Load (0.3ms)[0m  SELECT  `users`.* FROM `users` WHERE `users`.`id` = 1  ORDER BY `users`.`id` ASC LIMIT 1
Completed 200 OK in 69ms (Views: 68.4ms | ActiveRecord: 0.3ms)


Started GET "/friends" for 127.0.0.1 at 2016-05-21 11:13:31 +0200
Processing by FriendsController#index as HTML
  [1m[36mFriend Load (0.4ms)[0m  [1mSELECT `friends`.* FROM `friends`[0m
  [1m[35mUser Load (0.3ms)[0m  SELECT  `users`.* FROM `users` WHERE `users`.`id` = 1 LIMIT 1
  [1m[36mCACHE (0.0ms)[0m  [1mSELECT  `users`.* FROM `users` WHERE `users`.`id` = 1 LIMIT 1[0m  [["id", 1]]
  Rendered friends/index.html.erb within layouts/application (4.8ms)
  [1m[35mUser Load (0.3ms)[0m  SELECT  `users`.* FROM `users` WHERE `users`.`id` = 1  ORDER BY `users`.`id` ASC LIMIT 1
Completed 200 OK in 98ms (Views: 95.7ms | ActiveRecord: 0.9ms)


Started GET "/friends" for 127.0.0.1 at 2016-05-21 11:13:34 +0200
Processing by FriendsController#index as HTML
  [1m[36mUser Load (0.3ms)[0m  [1mSELECT  `users`.* FROM `users` WHERE `users`.`id` = 1  ORDER BY `users`.`id` ASC LIMIT 1[0m
  Rendered friends/index.html.erb within layouts/application (24.7ms)
Completed 500 Internal Server Error in 37ms (ActiveRecord: 0.3ms)

ActionView::Template::Error (undefined method `each' for nil:NilClass):
    12: 
    13:         <!-- Project One -->
    14:         <div class="row">
    15:     <% @users_friends_email.each do |fue| %>
    16: 
    17:             <div class="col-md-7">
    18:                 <a href="#"></a>
  app/views/friends/index.html.erb:15:in `_app_views_friends_index_html_erb___407150019064949898_63448720'


  Rendered /home/eman/.rvm/gems/ruby-2.3.0@rails4/gems/actionpack-4.2.6/lib/action_dispatch/middleware/templates/rescues/_source.erb (5.8ms)
  Rendered /home/eman/.rvm/gems/ruby-2.3.0@rails4/gems/actionpack-4.2.6/lib/action_dispatch/middleware/templates/rescues/_trace.html.erb (2.0ms)
  Rendered /home/eman/.rvm/gems/ruby-2.3.0@rails4/gems/actionpack-4.2.6/lib/action_dispatch/middleware/templates/rescues/_request_and_response.html.erb (1.1ms)
  Rendered /home/eman/.rvm/gems/ruby-2.3.0@rails4/gems/actionpack-4.2.6/lib/action_dispatch/middleware/templates/rescues/template_error.html.erb within rescues/layout (29.2ms)
  Rendered /home/eman/.rvm/gems/ruby-2.3.0@rails4/gems/web-console-2.3.0/lib/web_console/templates/_markup.html.erb (0.4ms)
  Rendered /home/eman/.rvm/gems/ruby-2.3.0@rails4/gems/web-console-2.3.0/lib/web_console/templates/_inner_console_markup.html.erb within layouts/inlined_string (0.3ms)
  Rendered /home/eman/.rvm/gems/ruby-2.3.0@rails4/gems/web-console-2.3.0/lib/web_console/templates/_prompt_box_markup.html.erb within layouts/inlined_string (0.2ms)
  Rendered /home/eman/.rvm/gems/ruby-2.3.0@rails4/gems/web-console-2.3.0/lib/web_console/templates/style.css.erb within layouts/inlined_string (0.8ms)
  Rendered /home/eman/.rvm/gems/ruby-2.3.0@rails4/gems/web-console-2.3.0/lib/web_console/templates/console.js.erb within layouts/javascript (17.5ms)
  Rendered /home/eman/.rvm/gems/ruby-2.3.0@rails4/gems/web-console-2.3.0/lib/web_console/templates/main.js.erb within layouts/javascript (0.3ms)
  Rendered /home/eman/.rvm/gems/ruby-2.3.0@rails4/gems/web-console-2.3.0/lib/web_console/templates/error_page.js.erb within layouts/javascript (0.4ms)
  Rendered /home/eman/.rvm/gems/ruby-2.3.0@rails4/gems/web-console-2.3.0/lib/web_console/templates/index.html.erb (63.4ms)
  [1m[36mActiveRecord::SchemaMigration Load (0.2ms)[0m  [1mSELECT `schema_migrations`.* FROM `schema_migrations`[0m
  [1m[35mActiveRecord::SchemaMigration Load (0.1ms)[0m  SELECT `schema_migrations`.* FROM `schema_migrations`
  [1m[36m (0.3ms)[0m  [1mSELECT fk.referenced_table_name as 'to_table'
      ,fk.referenced_column_name as 'primary_key'
      ,fk.column_name as 'column'
      ,fk.constraint_name as 'name'
FROM information_schema.key_column_usage fk
WHERE fk.referenced_column_name is not null
  AND fk.table_schema = 'yallanotlob_development'
  AND fk.table_name = 'amount_orders'
[0m
  [1m[35m (0.2ms)[0m  SHOW CREATE TABLE `amount_orders`
  [1m[36m (0.2ms)[0m  [1mSELECT fk.referenced_table_name as 'to_table'
      ,fk.referenced_column_name as 'primary_key'
      ,fk.column_name as 'column'
      ,fk.constraint_name as 'name'
FROM information_schema.key_column_usage fk
WHERE fk.referenced_column_name is not null
  AND fk.table_schema = 'yallanotlob_development'
  AND fk.table_name = 'friends'
[0m
  [1m[35m (0.1ms)[0m  SHOW CREATE TABLE `friends`
  [1m[36m (0.2ms)[0m  [1mSELECT fk.referenced_table_name as 'to_table'
      ,fk.referenced_column_name as 'primary_key'
      ,fk.column_name as 'column'
      ,fk.constraint_name as 'name'
FROM information_schema.key_column_usage fk
WHERE fk.referenced_column_name is not null
  AND fk.table_schema = 'yallanotlob_development'
  AND fk.table_name = 'groups'
[0m
  [1m[35m (0.1ms)[0m  SHOW CREATE TABLE `groups`
  [1m[36m (0.2ms)[0m  [1mSELECT fk.referenced_table_name as 'to_table'
      ,fk.referenced_column_name as 'primary_key'
      ,fk.column_name as 'column'
      ,fk.constraint_name as 'name'
FROM information_schema.key_column_usage fk
WHERE fk.referenced_column_name is not null
  AND fk.table_schema = 'yallanotlob_development'
  AND fk.table_name = 'invites'
[0m
  [1m[35m (0.1ms)[0m  SHOW CREATE TABLE `invites`
  [1m[36m (0.3ms)[0m  [1mSELECT fk.referenced_table_name as 'to_table'
      ,fk.referenced_column_name as 'primary_key'
      ,fk.column_name as 'column'
      ,fk.constraint_name as 'name'
FROM information_schema.key_column_usage fk
WHERE fk.referenced_column_name is not null
  AND fk.table_schema = 'yallanotlob_development'
  AND fk.table_name = 'orders'
[0m
  [1m[35m (0.1ms)[0m  SHOW CREATE TABLE `orders`
  [1m[36m (0.2ms)[0m  [1mSELECT fk.referenced_table_name as 'to_table'
      ,fk.referenced_column_name as 'primary_key'
      ,fk.column_name as 'column'
      ,fk.constraint_name as 'name'
FROM information_schema.key_column_usage fk
WHERE fk.referenced_column_name is not null
  AND fk.table_schema = 'yallanotlob_development'
  AND fk.table_name = 'users'
[0m
  [1m[35m (0.1ms)[0m  SHOW CREATE TABLE `users`


Started GET "/friends" for 127.0.0.1 at 2016-05-21 11:14:07 +0200
  [1m[36mActiveRecord::SchemaMigration Load (0.2ms)[0m  [1mSELECT `schema_migrations`.* FROM `schema_migrations`[0m
Processing by FriendsController#index as HTML
  [1m[35mFriend Load (0.3ms)[0m  SELECT `friends`.* FROM `friends`
  [1m[36mUser Load (0.3ms)[0m  [1mSELECT  `users`.* FROM `users` WHERE `users`.`id` = 1  ORDER BY `users`.`id` ASC LIMIT 1[0m
  [1m[35mUser Load (0.3ms)[0m  SELECT `users`.* FROM `users`
  Rendered friends/index.html.erb within layouts/application (3.1ms)
Completed 200 OK in 418ms (Views: 371.5ms | ActiveRecord: 3.1ms)


Started GET "/friends" for 127.0.0.1 at 2016-05-21 11:14:18 +0200
Processing by FriendsController#index as HTML
  [1m[36mFriend Load (0.3ms)[0m  [1mSELECT `friends`.* FROM `friends`[0m
  [1m[35mUser Load (0.3ms)[0m  SELECT  `users`.* FROM `users` WHERE `users`.`id` = 1  ORDER BY `users`.`id` ASC LIMIT 1
  [1m[36mUser Load (0.3ms)[0m  [1mSELECT `users`.* FROM `users`[0m
  Rendered friends/index.html.erb within layouts/application (1.4ms)
Completed 200 OK in 68ms (Views: 63.6ms | ActiveRecord: 0.9ms)


Started GET "/friends/new" for 127.0.0.1 at 2016-05-21 11:14:20 +0200
Processing by FriendsController#new as HTML
  Rendered friends/new.html.erb within layouts/application (20.1ms)
  [1m[35mUser Load (0.4ms)[0m  SELECT  `users`.* FROM `users` WHERE `users`.`id` = 1  ORDER BY `users`.`id` ASC LIMIT 1
Completed 200 OK in 115ms (Views: 113.4ms | ActiveRecord: 0.4ms)


Started GET "/friends/jquery-1.12.0.min.js" for 127.0.0.1 at 2016-05-21 11:14:20 +0200

ActionController::RoutingError (No route matches [GET] "/friends/jquery-1.12.0.min.js"):
  actionpack (4.2.6) lib/action_dispatch/middleware/debug_exceptions.rb:21:in `call'
  web-console (2.3.0) lib/web_console/middleware.rb:28:in `block in call'
  web-console (2.3.0) lib/web_console/middleware.rb:18:in `catch'
  web-console (2.3.0) lib/web_console/middleware.rb:18:in `call'
  actionpack (4.2.6) lib/action_dispatch/middleware/show_exceptions.rb:30:in `call'
  railties (4.2.6) lib/rails/rack/logger.rb:38:in `call_app'
  railties (4.2.6) lib/rails/rack/logger.rb:20:in `block in call'
  activesupport (4.2.6) lib/active_support/tagged_logging.rb:68:in `block in tagged'
  activesupport (4.2.6) lib/active_support/tagged_logging.rb:26:in `tagged'
  activesupport (4.2.6) lib/active_support/tagged_logging.rb:68:in `tagged'
  railties (4.2.6) lib/rails/rack/logger.rb:20:in `call'
  actionpack (4.2.6) lib/action_dispatch/middleware/request_id.rb:21:in `call'
  rack (1.6.4) lib/rack/methodoverride.rb:22:in `call'
  rack (1.6.4) lib/rack/runtime.rb:18:in `call'
  activesupport (4.2.6) lib/active_support/cache/strategy/local_cache_middleware.rb:28:in `call'
  actionpack (4.2.6) lib/action_dispatch/middleware/static.rb:120:in `call'
  rack (1.6.4) lib/rack/sendfile.rb:113:in `call'
  railties (4.2.6) lib/rails/engine.rb:518:in `call'
  railties (4.2.6) lib/rails/application.rb:165:in `call'
  rack (1.6.4) lib/rack/content_length.rb:15:in `call'
  thin (1.6.4) lib/thin/connection.rb:86:in `block in pre_process'
  thin (1.6.4) lib/thin/connection.rb:84:in `catch'
  thin (1.6.4) lib/thin/connection.rb:84:in `pre_process'
  thin (1.6.4) lib/thin/connection.rb:53:in `process'
  faye-websocket (0.10.4) lib/faye/adapters/thin.rb:41:in `process'
  thin (1.6.4) lib/thin/connection.rb:39:in `receive_data'
  faye-websocket (0.10.4) lib/faye/adapters/thin.rb:46:in `receive_data'
  eventmachine (1.2.0.1) lib/eventmachine.rb:194:in `run_machine'
  eventmachine (1.2.0.1) lib/eventmachine.rb:194:in `run'
  thin (1.6.4) lib/thin/backends/base.rb:73:in `start'
  thin (1.6.4) lib/thin/server.rb:162:in `start'
  rack (1.6.4) lib/rack/handler/thin.rb:19:in `run'
  rack (1.6.4) lib/rack/server.rb:286:in `start'
  railties (4.2.6) lib/rails/commands/server.rb:80:in `start'
  railties (4.2.6) lib/rails/commands/commands_tasks.rb:80:in `block in server'
  railties (4.2.6) lib/rails/commands/commands_tasks.rb:75:in `tap'
  railties (4.2.6) lib/rails/commands/commands_tasks.rb:75:in `server'
  railties (4.2.6) lib/rails/commands/commands_tasks.rb:39:in `run_command!'
  railties (4.2.6) lib/rails/commands.rb:17:in `<top (required)>'
  bin/rails:4:in `require'
  bin/rails:4:in `<main>'


  Rendered /home/eman/.rvm/gems/ruby-2.3.0@rails4/gems/actionpack-4.2.6/lib/action_dispatch/middleware/templates/rescues/_trace.html.erb (1.6ms)
  Rendered /home/eman/.rvm/gems/ruby-2.3.0@rails4/gems/actionpack-4.2.6/lib/action_dispatch/middleware/templates/routes/_route.html.erb (3.6ms)
  Rendered /home/eman/.rvm/gems/ruby-2.3.0@rails4/gems/actionpack-4.2.6/lib/action_dispatch/middleware/templates/routes/_table.html.erb (11.4ms)
  Rendered /home/eman/.rvm/gems/ruby-2.3.0@rails4/gems/actionpack-4.2.6/lib/action_dispatch/middleware/templates/rescues/_request_and_response.html.erb (1.4ms)
  Rendered /home/eman/.rvm/gems/ruby-2.3.0@rails4/gems/actionpack-4.2.6/lib/action_dispatch/middleware/templates/rescues/routing_error.html.erb within rescues/layout (49.8ms)
  Rendered /home/eman/.rvm/gems/ruby-2.3.0@rails4/gems/web-console-2.3.0/lib/web_console/templates/_markup.html.erb (0.3ms)
  Rendered /home/eman/.rvm/gems/ruby-2.3.0@rails4/gems/web-console-2.3.0/lib/web_console/templates/_inner_console_markup.html.erb within layouts/inlined_string (0.4ms)
  Rendered /home/eman/.rvm/gems/ruby-2.3.0@rails4/gems/web-console-2.3.0/lib/web_console/templates/_prompt_box_markup.html.erb within layouts/inlined_string (0.2ms)
  Rendered /home/eman/.rvm/gems/ruby-2.3.0@rails4/gems/web-console-2.3.0/lib/web_console/templates/style.css.erb within layouts/inlined_string (0.3ms)
  Rendered /home/eman/.rvm/gems/ruby-2.3.0@rails4/gems/web-console-2.3.0/lib/web_console/templates/console.js.erb within layouts/javascript (18.4ms)
  Rendered /home/eman/.rvm/gems/ruby-2.3.0@rails4/gems/web-console-2.3.0/lib/web_console/templates/main.js.erb within layouts/javascript (0.3ms)
  Rendered /home/eman/.rvm/gems/ruby-2.3.0@rails4/gems/web-console-2.3.0/lib/web_console/templates/error_page.js.erb within layouts/javascript (0.7ms)
  Rendered /home/eman/.rvm/gems/ruby-2.3.0@rails4/gems/web-console-2.3.0/lib/web_console/templates/index.html.erb (34.9ms)


Started GET "/friends/friend.js" for 127.0.0.1 at 2016-05-21 11:14:20 +0200
Processing by FriendsController#show as JS
  Parameters: {"id"=>"friend"}
  [1m[36mFriend Load (0.2ms)[0m  [1mSELECT  `friends`.* FROM `friends` WHERE `friends`.`id` = 0 LIMIT 1[0m
Completed 404 Not Found in 5ms (ActiveRecord: 0.2ms)

ActiveRecord::RecordNotFound (Couldn't find Friend with 'id'=friend):
  app/controllers/friends_controller.rb:117:in `set_friend'


  Rendered /home/eman/.rvm/gems/ruby-2.3.0@rails4/gems/actionpack-4.2.6/lib/action_dispatch/middleware/templates/rescues/_source.erb (3.8ms)
  Rendered /home/eman/.rvm/gems/ruby-2.3.0@rails4/gems/actionpack-4.2.6/lib/action_dispatch/middleware/templates/rescues/_trace.html.erb (1.7ms)
  Rendered /home/eman/.rvm/gems/ruby-2.3.0@rails4/gems/actionpack-4.2.6/lib/action_dispatch/middleware/templates/rescues/_request_and_response.html.erb (0.7ms)
  Rendered /home/eman/.rvm/gems/ruby-2.3.0@rails4/gems/actionpack-4.2.6/lib/action_dispatch/middleware/templates/rescues/diagnostics.html.erb within rescues/layout (17.9ms)
  Rendered /home/eman/.rvm/gems/ruby-2.3.0@rails4/gems/web-console-2.3.0/lib/web_console/templates/_markup.html.erb (0.3ms)
  Rendered /home/eman/.rvm/gems/ruby-2.3.0@rails4/gems/web-console-2.3.0/lib/web_console/templates/_inner_console_markup.html.erb within layouts/inlined_string (0.2ms)
  Rendered /home/eman/.rvm/gems/ruby-2.3.0@rails4/gems/web-console-2.3.0/lib/web_console/templates/_prompt_box_markup.html.erb within layouts/inlined_string (0.4ms)
  Rendered /home/eman/.rvm/gems/ruby-2.3.0@rails4/gems/web-console-2.3.0/lib/web_console/templates/style.css.erb within layouts/inlined_string (0.3ms)
  Rendered /home/eman/.rvm/gems/ruby-2.3.0@rails4/gems/web-console-2.3.0/lib/web_console/templates/console.js.erb within layouts/javascript (15.3ms)
  Rendered /home/eman/.rvm/gems/ruby-2.3.0@rails4/gems/web-console-2.3.0/lib/web_console/templates/main.js.erb within layouts/javascript (0.2ms)
  Rendered /home/eman/.rvm/gems/ruby-2.3.0@rails4/gems/web-console-2.3.0/lib/web_console/templates/error_page.js.erb within layouts/javascript (0.3ms)
  Rendered /home/eman/.rvm/gems/ruby-2.3.0@rails4/gems/web-console-2.3.0/lib/web_console/templates/index.html.erb (29.6ms)


Started GET "/friends/new" for 127.0.0.1 at 2016-05-21 11:14:23 +0200
Processing by FriendsController#new as HTML
  Rendered friends/new.html.erb within layouts/application (2.0ms)
  [1m[35mUser Load (0.3ms)[0m  SELECT  `users`.* FROM `users` WHERE `users`.`id` = 1  ORDER BY `users`.`id` ASC LIMIT 1
Completed 200 OK in 78ms (Views: 75.7ms | ActiveRecord: 0.3ms)


Started GET "/friends/jquery-1.12.0.min.js" for 127.0.0.1 at 2016-05-21 11:14:24 +0200

ActionController::RoutingError (No route matches [GET] "/friends/jquery-1.12.0.min.js"):
  actionpack (4.2.6) lib/action_dispatch/middleware/debug_exceptions.rb:21:in `call'
  web-console (2.3.0) lib/web_console/middleware.rb:28:in `block in call'
  web-console (2.3.0) lib/web_console/middleware.rb:18:in `catch'
  web-console (2.3.0) lib/web_console/middleware.rb:18:in `call'
  actionpack (4.2.6) lib/action_dispatch/middleware/show_exceptions.rb:30:in `call'
  railties (4.2.6) lib/rails/rack/logger.rb:38:in `call_app'
  railties (4.2.6) lib/rails/rack/logger.rb:20:in `block in call'
  activesupport (4.2.6) lib/active_support/tagged_logging.rb:68:in `block in tagged'
  activesupport (4.2.6) lib/active_support/tagged_logging.rb:26:in `tagged'
  activesupport (4.2.6) lib/active_support/tagged_logging.rb:68:in `tagged'
  railties (4.2.6) lib/rails/rack/logger.rb:20:in `call'
  actionpack (4.2.6) lib/action_dispatch/middleware/request_id.rb:21:in `call'
  rack (1.6.4) lib/rack/methodoverride.rb:22:in `call'
  rack (1.6.4) lib/rack/runtime.rb:18:in `call'
  activesupport (4.2.6) lib/active_support/cache/strategy/local_cache_middleware.rb:28:in `call'
  actionpack (4.2.6) lib/action_dispatch/middleware/static.rb:120:in `call'
  rack (1.6.4) lib/rack/sendfile.rb:113:in `call'
  railties (4.2.6) lib/rails/engine.rb:518:in `call'
  railties (4.2.6) lib/rails/application.rb:165:in `call'
  rack (1.6.4) lib/rack/content_length.rb:15:in `call'
  thin (1.6.4) lib/thin/connection.rb:86:in `block in pre_process'
  thin (1.6.4) lib/thin/connection.rb:84:in `catch'
  thin (1.6.4) lib/thin/connection.rb:84:in `pre_process'
  thin (1.6.4) lib/thin/connection.rb:53:in `process'
  faye-websocket (0.10.4) lib/faye/adapters/thin.rb:41:in `process'
  thin (1.6.4) lib/thin/connection.rb:39:in `receive_data'
  faye-websocket (0.10.4) lib/faye/adapters/thin.rb:46:in `receive_data'
  eventmachine (1.2.0.1) lib/eventmachine.rb:194:in `run_machine'
  eventmachine (1.2.0.1) lib/eventmachine.rb:194:in `run'
  thin (1.6.4) lib/thin/backends/base.rb:73:in `start'
  thin (1.6.4) lib/thin/server.rb:162:in `start'
  rack (1.6.4) lib/rack/handler/thin.rb:19:in `run'
  rack (1.6.4) lib/rack/server.rb:286:in `start'
  railties (4.2.6) lib/rails/commands/server.rb:80:in `start'
  railties (4.2.6) lib/rails/commands/commands_tasks.rb:80:in `block in server'
  railties (4.2.6) lib/rails/commands/commands_tasks.rb:75:in `tap'
  railties (4.2.6) lib/rails/commands/commands_tasks.rb:75:in `server'
  railties (4.2.6) lib/rails/commands/commands_tasks.rb:39:in `run_command!'
  railties (4.2.6) lib/rails/commands.rb:17:in `<top (required)>'
  bin/rails:4:in `require'
  bin/rails:4:in `<main>'


  Rendered /home/eman/.rvm/gems/ruby-2.3.0@rails4/gems/actionpack-4.2.6/lib/action_dispatch/middleware/templates/rescues/_trace.html.erb (1.8ms)
  Rendered /home/eman/.rvm/gems/ruby-2.3.0@rails4/gems/actionpack-4.2.6/lib/action_dispatch/middleware/templates/routes/_route.html.erb (3.7ms)
  Rendered /home/eman/.rvm/gems/ruby-2.3.0@rails4/gems/actionpack-4.2.6/lib/action_dispatch/middleware/templates/routes/_table.html.erb (1.2ms)
  Rendered /home/eman/.rvm/gems/ruby-2.3.0@rails4/gems/actionpack-4.2.6/lib/action_dispatch/middleware/templates/rescues/_request_and_response.html.erb (1.2ms)
  Rendered /home/eman/.rvm/gems/ruby-2.3.0@rails4/gems/actionpack-4.2.6/lib/action_dispatch/middleware/templates/rescues/routing_error.html.erb within rescues/layout (34.9ms)
  Rendered /home/eman/.rvm/gems/ruby-2.3.0@rails4/gems/web-console-2.3.0/lib/web_console/templates/_markup.html.erb (0.3ms)
  Rendered /home/eman/.rvm/gems/ruby-2.3.0@rails4/gems/web-console-2.3.0/lib/web_console/templates/_inner_console_markup.html.erb within layouts/inlined_string (0.3ms)
  Rendered /home/eman/.rvm/gems/ruby-2.3.0@rails4/gems/web-console-2.3.0/lib/web_console/templates/_prompt_box_markup.html.erb within layouts/inlined_string (0.3ms)
  Rendered /home/eman/.rvm/gems/ruby-2.3.0@rails4/gems/web-console-2.3.0/lib/web_console/templates/style.css.erb within layouts/inlined_string (0.2ms)
  Rendered /home/eman/.rvm/gems/ruby-2.3.0@rails4/gems/web-console-2.3.0/lib/web_console/templates/console.js.erb within layouts/javascript (16.7ms)
  Rendered /home/eman/.rvm/gems/ruby-2.3.0@rails4/gems/web-console-2.3.0/lib/web_console/templates/main.js.erb within layouts/javascript (0.2ms)
  Rendered /home/eman/.rvm/gems/ruby-2.3.0@rails4/gems/web-console-2.3.0/lib/web_console/templates/error_page.js.erb within layouts/javascript (0.3ms)
  Rendered /home/eman/.rvm/gems/ruby-2.3.0@rails4/gems/web-console-2.3.0/lib/web_console/templates/index.html.erb (30.3ms)


Started GET "/friends/friend.js" for 127.0.0.1 at 2016-05-21 11:14:24 +0200
Processing by FriendsController#show as JS
  Parameters: {"id"=>"friend"}
  [1m[36mFriend Load (0.3ms)[0m  [1mSELECT  `friends`.* FROM `friends` WHERE `friends`.`id` = 0 LIMIT 1[0m
Completed 404 Not Found in 3ms (ActiveRecord: 0.3ms)

ActiveRecord::RecordNotFound (Couldn't find Friend with 'id'=friend):
  app/controllers/friends_controller.rb:117:in `set_friend'


  Rendered /home/eman/.rvm/gems/ruby-2.3.0@rails4/gems/actionpack-4.2.6/lib/action_dispatch/middleware/templates/rescues/_source.erb (4.5ms)
  Rendered /home/eman/.rvm/gems/ruby-2.3.0@rails4/gems/actionpack-4.2.6/lib/action_dispatch/middleware/templates/rescues/_trace.html.erb (2.0ms)
  Rendered /home/eman/.rvm/gems/ruby-2.3.0@rails4/gems/actionpack-4.2.6/lib/action_dispatch/middleware/templates/rescues/_request_and_response.html.erb (0.8ms)
  Rendered /home/eman/.rvm/gems/ruby-2.3.0@rails4/gems/actionpack-4.2.6/lib/action_dispatch/middleware/templates/rescues/diagnostics.html.erb within rescues/layout (22.0ms)
  Rendered /home/eman/.rvm/gems/ruby-2.3.0@rails4/gems/web-console-2.3.0/lib/web_console/templates/_markup.html.erb (0.3ms)
  Rendered /home/eman/.rvm/gems/ruby-2.3.0@rails4/gems/web-console-2.3.0/lib/web_console/templates/_inner_console_markup.html.erb within layouts/inlined_string (0.6ms)
  Rendered /home/eman/.rvm/gems/ruby-2.3.0@rails4/gems/web-console-2.3.0/lib/web_console/templates/_prompt_box_markup.html.erb within layouts/inlined_string (0.3ms)
  Rendered /home/eman/.rvm/gems/ruby-2.3.0@rails4/gems/web-console-2.3.0/lib/web_console/templates/style.css.erb within layouts/inlined_string (0.3ms)
  Rendered /home/eman/.rvm/gems/ruby-2.3.0@rails4/gems/web-console-2.3.0/lib/web_console/templates/console.js.erb within layouts/javascript (16.5ms)
  Rendered /home/eman/.rvm/gems/ruby-2.3.0@rails4/gems/web-console-2.3.0/lib/web_console/templates/main.js.erb within layouts/javascript (0.2ms)
  Rendered /home/eman/.rvm/gems/ruby-2.3.0@rails4/gems/web-console-2.3.0/lib/web_console/templates/error_page.js.erb within layouts/javascript (0.4ms)
  Rendered /home/eman/.rvm/gems/ruby-2.3.0@rails4/gems/web-console-2.3.0/lib/web_console/templates/index.html.erb (32.2ms)


Started GET "/friends/new" for 127.0.0.1 at 2016-05-21 11:15:46 +0200
Processing by FriendsController#new as HTML
  Rendered friends/new.html.erb within layouts/application (1.5ms)
  [1m[35mUser Load (0.3ms)[0m  SELECT  `users`.* FROM `users` WHERE `users`.`id` = 1  ORDER BY `users`.`id` ASC LIMIT 1
Completed 200 OK in 174ms (Views: 172.5ms | ActiveRecord: 0.3ms)


Started GET "/assets/friend.self-bc88af3a775f1b819de914bd8d625939945837285feec209effaa6452651f9e9.js?body=1" for 127.0.0.1 at 2016-05-21 11:15:46 +0200


Started GET "/assets/jquery-1.12.0.min.self-9973772584f113d55d9de9e38305bede3c581ab45775c5ce1fc666aa5bf261a0.js?body=1" for 127.0.0.1 at 2016-05-21 11:15:46 +0200


Started GET "/friends/jquery-1.12.0.min.js" for 127.0.0.1 at 2016-05-21 11:15:46 +0200

ActionController::RoutingError (No route matches [GET] "/friends/jquery-1.12.0.min.js"):
  actionpack (4.2.6) lib/action_dispatch/middleware/debug_exceptions.rb:21:in `call'
  web-console (2.3.0) lib/web_console/middleware.rb:28:in `block in call'
  web-console (2.3.0) lib/web_console/middleware.rb:18:in `catch'
  web-console (2.3.0) lib/web_console/middleware.rb:18:in `call'
  actionpack (4.2.6) lib/action_dispatch/middleware/show_exceptions.rb:30:in `call'
  railties (4.2.6) lib/rails/rack/logger.rb:38:in `call_app'
  railties (4.2.6) lib/rails/rack/logger.rb:20:in `block in call'
  activesupport (4.2.6) lib/active_support/tagged_logging.rb:68:in `block in tagged'
  activesupport (4.2.6) lib/active_support/tagged_logging.rb:26:in `tagged'
  activesupport (4.2.6) lib/active_support/tagged_logging.rb:68:in `tagged'
  railties (4.2.6) lib/rails/rack/logger.rb:20:in `call'
  actionpack (4.2.6) lib/action_dispatch/middleware/request_id.rb:21:in `call'
  rack (1.6.4) lib/rack/methodoverride.rb:22:in `call'
  rack (1.6.4) lib/rack/runtime.rb:18:in `call'
  activesupport (4.2.6) lib/active_support/cache/strategy/local_cache_middleware.rb:28:in `call'
  actionpack (4.2.6) lib/action_dispatch/middleware/static.rb:120:in `call'
  rack (1.6.4) lib/rack/sendfile.rb:113:in `call'
  railties (4.2.6) lib/rails/engine.rb:518:in `call'
  railties (4.2.6) lib/rails/application.rb:165:in `call'
  rack (1.6.4) lib/rack/content_length.rb:15:in `call'
  thin (1.6.4) lib/thin/connection.rb:86:in `block in pre_process'
  thin (1.6.4) lib/thin/connection.rb:84:in `catch'
  thin (1.6.4) lib/thin/connection.rb:84:in `pre_process'
  thin (1.6.4) lib/thin/connection.rb:53:in `process'
  faye-websocket (0.10.4) lib/faye/adapters/thin.rb:41:in `process'
  thin (1.6.4) lib/thin/connection.rb:39:in `receive_data'
  faye-websocket (0.10.4) lib/faye/adapters/thin.rb:46:in `receive_data'
  eventmachine (1.2.0.1) lib/eventmachine.rb:194:in `run_machine'
  eventmachine (1.2.0.1) lib/eventmachine.rb:194:in `run'
  thin (1.6.4) lib/thin/backends/base.rb:73:in `start'
  thin (1.6.4) lib/thin/server.rb:162:in `start'
  rack (1.6.4) lib/rack/handler/thin.rb:19:in `run'
  rack (1.6.4) lib/rack/server.rb:286:in `start'
  railties (4.2.6) lib/rails/commands/server.rb:80:in `start'
  railties (4.2.6) lib/rails/commands/commands_tasks.rb:80:in `block in server'
  railties (4.2.6) lib/rails/commands/commands_tasks.rb:75:in `tap'
  railties (4.2.6) lib/rails/commands/commands_tasks.rb:75:in `server'
  railties (4.2.6) lib/rails/commands/commands_tasks.rb:39:in `run_command!'
  railties (4.2.6) lib/rails/commands.rb:17:in `<top (required)>'
  bin/rails:4:in `require'
  bin/rails:4:in `<main>'


  Rendered /home/eman/.rvm/gems/ruby-2.3.0@rails4/gems/actionpack-4.2.6/lib/action_dispatch/middleware/templates/rescues/_trace.html.erb (2.0ms)
  Rendered /home/eman/.rvm/gems/ruby-2.3.0@rails4/gems/actionpack-4.2.6/lib/action_dispatch/middleware/templates/routes/_route.html.erb (3.0ms)
  Rendered /home/eman/.rvm/gems/ruby-2.3.0@rails4/gems/actionpack-4.2.6/lib/action_dispatch/middleware/templates/routes/_table.html.erb (1.1ms)
  Rendered /home/eman/.rvm/gems/ruby-2.3.0@rails4/gems/actionpack-4.2.6/lib/action_dispatch/middleware/templates/rescues/_request_and_response.html.erb (1.5ms)
  Rendered /home/eman/.rvm/gems/ruby-2.3.0@rails4/gems/actionpack-4.2.6/lib/action_dispatch/middleware/templates/rescues/routing_error.html.erb within rescues/layout (33.2ms)
  Rendered /home/eman/.rvm/gems/ruby-2.3.0@rails4/gems/web-console-2.3.0/lib/web_console/templates/_markup.html.erb (0.2ms)
  Rendered /home/eman/.rvm/gems/ruby-2.3.0@rails4/gems/web-console-2.3.0/lib/web_console/templates/_inner_console_markup.html.erb within layouts/inlined_string (0.3ms)
  Rendered /home/eman/.rvm/gems/ruby-2.3.0@rails4/gems/web-console-2.3.0/lib/web_console/templates/_prompt_box_markup.html.erb within layouts/inlined_string (0.3ms)
  Rendered /home/eman/.rvm/gems/ruby-2.3.0@rails4/gems/web-console-2.3.0/lib/web_console/templates/style.css.erb within layouts/inlined_string (0.2ms)
  Rendered /home/eman/.rvm/gems/ruby-2.3.0@rails4/gems/web-console-2.3.0/lib/web_console/templates/console.js.erb within layouts/javascript (15.6ms)
  Rendered /home/eman/.rvm/gems/ruby-2.3.0@rails4/gems/web-console-2.3.0/lib/web_console/templates/main.js.erb within layouts/javascript (0.2ms)
  Rendered /home/eman/.rvm/gems/ruby-2.3.0@rails4/gems/web-console-2.3.0/lib/web_console/templates/error_page.js.erb within layouts/javascript (0.4ms)
  Rendered /home/eman/.rvm/gems/ruby-2.3.0@rails4/gems/web-console-2.3.0/lib/web_console/templates/index.html.erb (29.7ms)


Started GET "/friends/friend.js" for 127.0.0.1 at 2016-05-21 11:15:46 +0200
Processing by FriendsController#show as JS
  Parameters: {"id"=>"friend"}
  [1m[36mFriend Load (0.3ms)[0m  [1mSELECT  `friends`.* FROM `friends` WHERE `friends`.`id` = 0 LIMIT 1[0m
Completed 404 Not Found in 2ms (ActiveRecord: 0.3ms)

ActiveRecord::RecordNotFound (Couldn't find Friend with 'id'=friend):
  app/controllers/friends_controller.rb:117:in `set_friend'


  Rendered /home/eman/.rvm/gems/ruby-2.3.0@rails4/gems/actionpack-4.2.6/lib/action_dispatch/middleware/templates/rescues/_source.erb (3.9ms)
  Rendered /home/eman/.rvm/gems/ruby-2.3.0@rails4/gems/actionpack-4.2.6/lib/action_dispatch/middleware/templates/rescues/_trace.html.erb (1.7ms)
  Rendered /home/eman/.rvm/gems/ruby-2.3.0@rails4/gems/actionpack-4.2.6/lib/action_dispatch/middleware/templates/rescues/_request_and_response.html.erb (0.7ms)
  Rendered /home/eman/.rvm/gems/ruby-2.3.0@rails4/gems/actionpack-4.2.6/lib/action_dispatch/middleware/templates/rescues/diagnostics.html.erb within rescues/layout (19.0ms)
  Rendered /home/eman/.rvm/gems/ruby-2.3.0@rails4/gems/web-console-2.3.0/lib/web_console/templates/_markup.html.erb (0.4ms)
  Rendered /home/eman/.rvm/gems/ruby-2.3.0@rails4/gems/web-console-2.3.0/lib/web_console/templates/_inner_console_markup.html.erb within layouts/inlined_string (0.5ms)
  Rendered /home/eman/.rvm/gems/ruby-2.3.0@rails4/gems/web-console-2.3.0/lib/web_console/templates/_prompt_box_markup.html.erb within layouts/inlined_string (0.9ms)
  Rendered /home/eman/.rvm/gems/ruby-2.3.0@rails4/gems/web-console-2.3.0/lib/web_console/templates/style.css.erb within layouts/inlined_string (0.3ms)
  Rendered /home/eman/.rvm/gems/ruby-2.3.0@rails4/gems/web-console-2.3.0/lib/web_console/templates/console.js.erb within layouts/javascript (16.3ms)
  Rendered /home/eman/.rvm/gems/ruby-2.3.0@rails4/gems/web-console-2.3.0/lib/web_console/templates/main.js.erb within layouts/javascript (0.2ms)
  Rendered /home/eman/.rvm/gems/ruby-2.3.0@rails4/gems/web-console-2.3.0/lib/web_console/templates/error_page.js.erb within layouts/javascript (0.4ms)
  Rendered /home/eman/.rvm/gems/ruby-2.3.0@rails4/gems/web-console-2.3.0/lib/web_console/templates/index.html.erb (31.9ms)


Started GET "/friends" for 127.0.0.1 at 2016-05-21 11:15:46 +0200
Processing by FriendsController#index as JSON
  [1m[35mFriend Load (0.3ms)[0m  SELECT `friends`.* FROM `friends`
  [1m[36mUser Load (0.5ms)[0m  [1mSELECT  `users`.* FROM `users` WHERE `users`.`id` = 1  ORDER BY `users`.`id` ASC LIMIT 1[0m
  [1m[35mUser Load (0.3ms)[0m  SELECT `users`.* FROM `users`
  Rendered friends/index.json.jbuilder (29.6ms)
Completed 200 OK in 79ms (Views: 72.1ms | ActiveRecord: 1.1ms)


Started GET "/groups" for 127.0.0.1 at 2016-05-21 11:16:01 +0200
Processing by GroupsController#index as HTML
  [1m[36mGroup Load (0.3ms)[0m  [1mSELECT `groups`.* FROM `groups`[0m
  [1m[35mUser Load (0.2ms)[0m  SELECT  `users`.* FROM `users` WHERE `users`.`id` = 1  ORDER BY `users`.`id` ASC LIMIT 1
  [1m[36mUser Load (0.3ms)[0m  [1mSELECT  `users`.* FROM `users` WHERE `users`.`id` = 3 LIMIT 1[0m
  [1m[35mCACHE (0.0ms)[0m  SELECT  `users`.* FROM `users` WHERE `users`.`id` = 3 LIMIT 1  [["id", 3]]
  [1m[36mUser Load (0.2ms)[0m  [1mSELECT  `users`.* FROM `users` WHERE `users`.`id` = 1 LIMIT 1[0m
  [1m[35mCACHE (0.0ms)[0m  SELECT  `users`.* FROM `users` WHERE `users`.`id` = 3 LIMIT 1  [["id", 3]]
  [1m[36mCACHE (0.0ms)[0m  [1mSELECT  `users`.* FROM `users` WHERE `users`.`id` = 3 LIMIT 1[0m  [["id", 3]]
  [1m[35mCACHE (0.0ms)[0m  SELECT  `users`.* FROM `users` WHERE `users`.`id` = 1 LIMIT 1  [["id", 1]]
  [1m[36mCACHE (0.0ms)[0m  [1mSELECT  `users`.* FROM `users` WHERE `users`.`id` = 1 LIMIT 1[0m  [["id", 1]]
  Rendered groups/index.html.erb within layouts/application (22.4ms)
Completed 200 OK in 95ms (Views: 88.5ms | ActiveRecord: 1.6ms)


Started GET "/groups/3" for 127.0.0.1 at 2016-05-21 11:16:07 +0200
Processing by GroupsController#show as HTML
  Parameters: {"id"=>"3"}
  [1m[35mGroup Load (0.3ms)[0m  SELECT  `groups`.* FROM `groups` WHERE `groups`.`id` = 3 LIMIT 1
  Rendered groups/show.html.erb within layouts/application (0.8ms)
  [1m[36mUser Load (0.3ms)[0m  [1mSELECT  `users`.* FROM `users` WHERE `users`.`id` = 1  ORDER BY `users`.`id` ASC LIMIT 1[0m
Completed 200 OK in 81ms (Views: 78.9ms | ActiveRecord: 0.6ms)


Started GET "/friends" for 127.0.0.1 at 2016-05-21 11:16:12 +0200
Processing by FriendsController#index as HTML
  [1m[35mFriend Load (0.2ms)[0m  SELECT `friends`.* FROM `friends`
  [1m[36mUser Load (0.3ms)[0m  [1mSELECT  `users`.* FROM `users` WHERE `users`.`id` = 1  ORDER BY `users`.`id` ASC LIMIT 1[0m
  [1m[35mUser Load (0.2ms)[0m  SELECT `users`.* FROM `users`
  Rendered friends/index.html.erb within layouts/application (0.7ms)
Completed 200 OK in 75ms (Views: 71.1ms | ActiveRecord: 0.7ms)


Started GET "/friends/new" for 127.0.0.1 at 2016-05-21 11:16:16 +0200
Processing by FriendsController#new as HTML
  Rendered friends/new.html.erb within layouts/application (1.1ms)
  [1m[36mUser Load (0.3ms)[0m  [1mSELECT  `users`.* FROM `users` WHERE `users`.`id` = 1  ORDER BY `users`.`id` ASC LIMIT 1[0m
Completed 200 OK in 68ms (Views: 67.5ms | ActiveRecord: 0.3ms)


Started GET "/friends/jquery-1.12.0.min.js" for 127.0.0.1 at 2016-05-21 11:16:16 +0200

ActionController::RoutingError (No route matches [GET] "/friends/jquery-1.12.0.min.js"):
  actionpack (4.2.6) lib/action_dispatch/middleware/debug_exceptions.rb:21:in `call'
  web-console (2.3.0) lib/web_console/middleware.rb:28:in `block in call'
  web-console (2.3.0) lib/web_console/middleware.rb:18:in `catch'
  web-console (2.3.0) lib/web_console/middleware.rb:18:in `call'
  actionpack (4.2.6) lib/action_dispatch/middleware/show_exceptions.rb:30:in `call'
  railties (4.2.6) lib/rails/rack/logger.rb:38:in `call_app'
  railties (4.2.6) lib/rails/rack/logger.rb:20:in `block in call'
  activesupport (4.2.6) lib/active_support/tagged_logging.rb:68:in `block in tagged'
  activesupport (4.2.6) lib/active_support/tagged_logging.rb:26:in `tagged'
  activesupport (4.2.6) lib/active_support/tagged_logging.rb:68:in `tagged'
  railties (4.2.6) lib/rails/rack/logger.rb:20:in `call'
  actionpack (4.2.6) lib/action_dispatch/middleware/request_id.rb:21:in `call'
  rack (1.6.4) lib/rack/methodoverride.rb:22:in `call'
  rack (1.6.4) lib/rack/runtime.rb:18:in `call'
  activesupport (4.2.6) lib/active_support/cache/strategy/local_cache_middleware.rb:28:in `call'
  actionpack (4.2.6) lib/action_dispatch/middleware/static.rb:120:in `call'
  rack (1.6.4) lib/rack/sendfile.rb:113:in `call'
  railties (4.2.6) lib/rails/engine.rb:518:in `call'
  railties (4.2.6) lib/rails/application.rb:165:in `call'
  rack (1.6.4) lib/rack/content_length.rb:15:in `call'
  thin (1.6.4) lib/thin/connection.rb:86:in `block in pre_process'
  thin (1.6.4) lib/thin/connection.rb:84:in `catch'
  thin (1.6.4) lib/thin/connection.rb:84:in `pre_process'
  thin (1.6.4) lib/thin/connection.rb:53:in `process'
  faye-websocket (0.10.4) lib/faye/adapters/thin.rb:41:in `process'
  thin (1.6.4) lib/thin/connection.rb:39:in `receive_data'
  faye-websocket (0.10.4) lib/faye/adapters/thin.rb:46:in `receive_data'
  eventmachine (1.2.0.1) lib/eventmachine.rb:194:in `run_machine'
  eventmachine (1.2.0.1) lib/eventmachine.rb:194:in `run'
  thin (1.6.4) lib/thin/backends/base.rb:73:in `start'
  thin (1.6.4) lib/thin/server.rb:162:in `start'
  rack (1.6.4) lib/rack/handler/thin.rb:19:in `run'
  rack (1.6.4) lib/rack/server.rb:286:in `start'
  railties (4.2.6) lib/rails/commands/server.rb:80:in `start'
  railties (4.2.6) lib/rails/commands/commands_tasks.rb:80:in `block in server'
  railties (4.2.6) lib/rails/commands/commands_tasks.rb:75:in `tap'
  railties (4.2.6) lib/rails/commands/commands_tasks.rb:75:in `server'
  railties (4.2.6) lib/rails/commands/commands_tasks.rb:39:in `run_command!'
  railties (4.2.6) lib/rails/commands.rb:17:in `<top (required)>'
  bin/rails:4:in `require'
  bin/rails:4:in `<main>'


  Rendered /home/eman/.rvm/gems/ruby-2.3.0@rails4/gems/actionpack-4.2.6/lib/action_dispatch/middleware/templates/rescues/_trace.html.erb (1.4ms)
  Rendered /home/eman/.rvm/gems/ruby-2.3.0@rails4/gems/actionpack-4.2.6/lib/action_dispatch/middleware/templates/routes/_route.html.erb (2.9ms)
  Rendered /home/eman/.rvm/gems/ruby-2.3.0@rails4/gems/actionpack-4.2.6/lib/action_dispatch/middleware/templates/routes/_table.html.erb (1.0ms)
  Rendered /home/eman/.rvm/gems/ruby-2.3.0@rails4/gems/actionpack-4.2.6/lib/action_dispatch/middleware/templates/rescues/_request_and_response.html.erb (1.0ms)
  Rendered /home/eman/.rvm/gems/ruby-2.3.0@rails4/gems/actionpack-4.2.6/lib/action_dispatch/middleware/templates/rescues/routing_error.html.erb within rescues/layout (30.1ms)
  Rendered /home/eman/.rvm/gems/ruby-2.3.0@rails4/gems/web-console-2.3.0/lib/web_console/templates/_markup.html.erb (0.3ms)
  Rendered /home/eman/.rvm/gems/ruby-2.3.0@rails4/gems/web-console-2.3.0/lib/web_console/templates/_inner_console_markup.html.erb within layouts/inlined_string (0.5ms)
  Rendered /home/eman/.rvm/gems/ruby-2.3.0@rails4/gems/web-console-2.3.0/lib/web_console/templates/_prompt_box_markup.html.erb within layouts/inlined_string (0.3ms)
  Rendered /home/eman/.rvm/gems/ruby-2.3.0@rails4/gems/web-console-2.3.0/lib/web_console/templates/style.css.erb within layouts/inlined_string (0.2ms)
  Rendered /home/eman/.rvm/gems/ruby-2.3.0@rails4/gems/web-console-2.3.0/lib/web_console/templates/console.js.erb within layouts/javascript (16.3ms)
  Rendered /home/eman/.rvm/gems/ruby-2.3.0@rails4/gems/web-console-2.3.0/lib/web_console/templates/main.js.erb within layouts/javascript (0.2ms)
  Rendered /home/eman/.rvm/gems/ruby-2.3.0@rails4/gems/web-console-2.3.0/lib/web_console/templates/error_page.js.erb within layouts/javascript (0.3ms)
  Rendered /home/eman/.rvm/gems/ruby-2.3.0@rails4/gems/web-console-2.3.0/lib/web_console/templates/index.html.erb (29.9ms)


Started GET "/friends/friend.js" for 127.0.0.1 at 2016-05-21 11:16:17 +0200
Processing by FriendsController#show as JS
  Parameters: {"id"=>"friend"}
  [1m[35mFriend Load (0.2ms)[0m  SELECT  `friends`.* FROM `friends` WHERE `friends`.`id` = 0 LIMIT 1
Completed 404 Not Found in 2ms (ActiveRecord: 0.2ms)

ActiveRecord::RecordNotFound (Couldn't find Friend with 'id'=friend):
  app/controllers/friends_controller.rb:117:in `set_friend'


  Rendered /home/eman/.rvm/gems/ruby-2.3.0@rails4/gems/actionpack-4.2.6/lib/action_dispatch/middleware/templates/rescues/_source.erb (5.9ms)
  Rendered /home/eman/.rvm/gems/ruby-2.3.0@rails4/gems/actionpack-4.2.6/lib/action_dispatch/middleware/templates/rescues/_trace.html.erb (1.6ms)
  Rendered /home/eman/.rvm/gems/ruby-2.3.0@rails4/gems/actionpack-4.2.6/lib/action_dispatch/middleware/templates/rescues/_request_and_response.html.erb (0.7ms)
  Rendered /home/eman/.rvm/gems/ruby-2.3.0@rails4/gems/actionpack-4.2.6/lib/action_dispatch/middleware/templates/rescues/diagnostics.html.erb within rescues/layout (20.6ms)
  Rendered /home/eman/.rvm/gems/ruby-2.3.0@rails4/gems/web-console-2.3.0/lib/web_console/templates/_markup.html.erb (0.3ms)
  Rendered /home/eman/.rvm/gems/ruby-2.3.0@rails4/gems/web-console-2.3.0/lib/web_console/templates/_inner_console_markup.html.erb within layouts/inlined_string (0.3ms)
  Rendered /home/eman/.rvm/gems/ruby-2.3.0@rails4/gems/web-console-2.3.0/lib/web_console/templates/_prompt_box_markup.html.erb within layouts/inlined_string (0.2ms)
  Rendered /home/eman/.rvm/gems/ruby-2.3.0@rails4/gems/web-console-2.3.0/lib/web_console/templates/style.css.erb within layouts/inlined_string (0.2ms)
  Rendered /home/eman/.rvm/gems/ruby-2.3.0@rails4/gems/web-console-2.3.0/lib/web_console/templates/console.js.erb within layouts/javascript (22.4ms)
  Rendered /home/eman/.rvm/gems/ruby-2.3.0@rails4/gems/web-console-2.3.0/lib/web_console/templates/main.js.erb within layouts/javascript (0.2ms)
  Rendered /home/eman/.rvm/gems/ruby-2.3.0@rails4/gems/web-console-2.3.0/lib/web_console/templates/error_page.js.erb within layouts/javascript (0.3ms)
  Rendered /home/eman/.rvm/gems/ruby-2.3.0@rails4/gems/web-console-2.3.0/lib/web_console/templates/index.html.erb (37.4ms)


Started GET "/friends/new" for 127.0.0.1 at 2016-05-21 11:17:49 +0200
Processing by FriendsController#new as HTML
  Rendered friends/new.html.erb within layouts/application (2.0ms)
  [1m[36mUser Load (0.3ms)[0m  [1mSELECT  `users`.* FROM `users` WHERE `users`.`id` = 1  ORDER BY `users`.`id` ASC LIMIT 1[0m
Completed 200 OK in 98ms (Views: 97.1ms | ActiveRecord: 0.3ms)


Started GET "/friends/jquery-1.12.0.min.js" for 127.0.0.1 at 2016-05-21 11:17:50 +0200

ActionController::RoutingError (No route matches [GET] "/friends/jquery-1.12.0.min.js"):
  actionpack (4.2.6) lib/action_dispatch/middleware/debug_exceptions.rb:21:in `call'
  web-console (2.3.0) lib/web_console/middleware.rb:28:in `block in call'
  web-console (2.3.0) lib/web_console/middleware.rb:18:in `catch'
  web-console (2.3.0) lib/web_console/middleware.rb:18:in `call'
  actionpack (4.2.6) lib/action_dispatch/middleware/show_exceptions.rb:30:in `call'
  railties (4.2.6) lib/rails/rack/logger.rb:38:in `call_app'
  railties (4.2.6) lib/rails/rack/logger.rb:20:in `block in call'
  activesupport (4.2.6) lib/active_support/tagged_logging.rb:68:in `block in tagged'
  activesupport (4.2.6) lib/active_support/tagged_logging.rb:26:in `tagged'
  activesupport (4.2.6) lib/active_support/tagged_logging.rb:68:in `tagged'
  railties (4.2.6) lib/rails/rack/logger.rb:20:in `call'
  actionpack (4.2.6) lib/action_dispatch/middleware/request_id.rb:21:in `call'
  rack (1.6.4) lib/rack/methodoverride.rb:22:in `call'
  rack (1.6.4) lib/rack/runtime.rb:18:in `call'
  activesupport (4.2.6) lib/active_support/cache/strategy/local_cache_middleware.rb:28:in `call'
  actionpack (4.2.6) lib/action_dispatch/middleware/static.rb:120:in `call'
  rack (1.6.4) lib/rack/sendfile.rb:113:in `call'
  railties (4.2.6) lib/rails/engine.rb:518:in `call'
  railties (4.2.6) lib/rails/application.rb:165:in `call'
  rack (1.6.4) lib/rack/content_length.rb:15:in `call'
  thin (1.6.4) lib/thin/connection.rb:86:in `block in pre_process'
  thin (1.6.4) lib/thin/connection.rb:84:in `catch'
  thin (1.6.4) lib/thin/connection.rb:84:in `pre_process'
  thin (1.6.4) lib/thin/connection.rb:53:in `process'
  faye-websocket (0.10.4) lib/faye/adapters/thin.rb:41:in `process'
  thin (1.6.4) lib/thin/connection.rb:39:in `receive_data'
  faye-websocket (0.10.4) lib/faye/adapters/thin.rb:46:in `receive_data'
  eventmachine (1.2.0.1) lib/eventmachine.rb:194:in `run_machine'
  eventmachine (1.2.0.1) lib/eventmachine.rb:194:in `run'
  thin (1.6.4) lib/thin/backends/base.rb:73:in `start'
  thin (1.6.4) lib/thin/server.rb:162:in `start'
  rack (1.6.4) lib/rack/handler/thin.rb:19:in `run'
  rack (1.6.4) lib/rack/server.rb:286:in `start'
  railties (4.2.6) lib/rails/commands/server.rb:80:in `start'
  railties (4.2.6) lib/rails/commands/commands_tasks.rb:80:in `block in server'
  railties (4.2.6) lib/rails/commands/commands_tasks.rb:75:in `tap'
  railties (4.2.6) lib/rails/commands/commands_tasks.rb:75:in `server'
  railties (4.2.6) lib/rails/commands/commands_tasks.rb:39:in `run_command!'
  railties (4.2.6) lib/rails/commands.rb:17:in `<top (required)>'
  bin/rails:4:in `require'
  bin/rails:4:in `<main>'


  Rendered /home/eman/.rvm/gems/ruby-2.3.0@rails4/gems/actionpack-4.2.6/lib/action_dispatch/middleware/templates/rescues/_trace.html.erb (1.5ms)
  Rendered /home/eman/.rvm/gems/ruby-2.3.0@rails4/gems/actionpack-4.2.6/lib/action_dispatch/middleware/templates/routes/_route.html.erb (5.0ms)
  Rendered /home/eman/.rvm/gems/ruby-2.3.0@rails4/gems/actionpack-4.2.6/lib/action_dispatch/middleware/templates/routes/_table.html.erb (2.0ms)
  Rendered /home/eman/.rvm/gems/ruby-2.3.0@rails4/gems/actionpack-4.2.6/lib/action_dispatch/middleware/templates/rescues/_request_and_response.html.erb (1.1ms)
  Rendered /home/eman/.rvm/gems/ruby-2.3.0@rails4/gems/actionpack-4.2.6/lib/action_dispatch/middleware/templates/rescues/routing_error.html.erb within rescues/layout (37.0ms)
  Rendered /home/eman/.rvm/gems/ruby-2.3.0@rails4/gems/web-console-2.3.0/lib/web_console/templates/_markup.html.erb (0.4ms)
  Rendered /home/eman/.rvm/gems/ruby-2.3.0@rails4/gems/web-console-2.3.0/lib/web_console/templates/_inner_console_markup.html.erb within layouts/inlined_string (0.3ms)
  Rendered /home/eman/.rvm/gems/ruby-2.3.0@rails4/gems/web-console-2.3.0/lib/web_console/templates/_prompt_box_markup.html.erb within layouts/inlined_string (0.2ms)
  Rendered /home/eman/.rvm/gems/ruby-2.3.0@rails4/gems/web-console-2.3.0/lib/web_console/templates/style.css.erb within layouts/inlined_string (0.6ms)
  Rendered /home/eman/.rvm/gems/ruby-2.3.0@rails4/gems/web-console-2.3.0/lib/web_console/templates/console.js.erb within layouts/javascript (16.9ms)
  Rendered /home/eman/.rvm/gems/ruby-2.3.0@rails4/gems/web-console-2.3.0/lib/web_console/templates/main.js.erb within layouts/javascript (0.2ms)
  Rendered /home/eman/.rvm/gems/ruby-2.3.0@rails4/gems/web-console-2.3.0/lib/web_console/templates/error_page.js.erb within layouts/javascript (0.3ms)
  Rendered /home/eman/.rvm/gems/ruby-2.3.0@rails4/gems/web-console-2.3.0/lib/web_console/templates/index.html.erb (33.5ms)


Started GET "/friends/friend.js" for 127.0.0.1 at 2016-05-21 11:17:50 +0200
Processing by FriendsController#show as JS
  Parameters: {"id"=>"friend"}
  [1m[35mFriend Load (0.8ms)[0m  SELECT  `friends`.* FROM `friends` WHERE `friends`.`id` = 0 LIMIT 1
Completed 404 Not Found in 4ms (ActiveRecord: 0.8ms)

ActiveRecord::RecordNotFound (Couldn't find Friend with 'id'=friend):
  app/controllers/friends_controller.rb:117:in `set_friend'


  Rendered /home/eman/.rvm/gems/ruby-2.3.0@rails4/gems/actionpack-4.2.6/lib/action_dispatch/middleware/templates/rescues/_source.erb (6.3ms)
  Rendered /home/eman/.rvm/gems/ruby-2.3.0@rails4/gems/actionpack-4.2.6/lib/action_dispatch/middleware/templates/rescues/_trace.html.erb (2.1ms)
  Rendered /home/eman/.rvm/gems/ruby-2.3.0@rails4/gems/actionpack-4.2.6/lib/action_dispatch/middleware/templates/rescues/_request_and_response.html.erb (0.8ms)
  Rendered /home/eman/.rvm/gems/ruby-2.3.0@rails4/gems/actionpack-4.2.6/lib/action_dispatch/middleware/templates/rescues/diagnostics.html.erb within rescues/layout (21.9ms)
  Rendered /home/eman/.rvm/gems/ruby-2.3.0@rails4/gems/web-console-2.3.0/lib/web_console/templates/_markup.html.erb (0.4ms)
  Rendered /home/eman/.rvm/gems/ruby-2.3.0@rails4/gems/web-console-2.3.0/lib/web_console/templates/_inner_console_markup.html.erb within layouts/inlined_string (0.3ms)
  Rendered /home/eman/.rvm/gems/ruby-2.3.0@rails4/gems/web-console-2.3.0/lib/web_console/templates/_prompt_box_markup.html.erb within layouts/inlined_string (0.3ms)
  Rendered /home/eman/.rvm/gems/ruby-2.3.0@rails4/gems/web-console-2.3.0/lib/web_console/templates/style.css.erb within layouts/inlined_string (0.4ms)
  Rendered /home/eman/.rvm/gems/ruby-2.3.0@rails4/gems/web-console-2.3.0/lib/web_console/templates/console.js.erb within layouts/javascript (17.2ms)
  Rendered /home/eman/.rvm/gems/ruby-2.3.0@rails4/gems/web-console-2.3.0/lib/web_console/templates/main.js.erb within layouts/javascript (0.4ms)
  Rendered /home/eman/.rvm/gems/ruby-2.3.0@rails4/gems/web-console-2.3.0/lib/web_console/templates/error_page.js.erb within layouts/javascript (0.4ms)
  Rendered /home/eman/.rvm/gems/ruby-2.3.0@rails4/gems/web-console-2.3.0/lib/web_console/templates/index.html.erb (34.5ms)


Started GET "/friends" for 127.0.0.1 at 2016-05-21 11:17:50 +0200
Processing by FriendsController#index as JSON
  [1m[36mFriend Load (0.3ms)[0m  [1mSELECT `friends`.* FROM `friends`[0m
  [1m[35mUser Load (0.3ms)[0m  SELECT  `users`.* FROM `users` WHERE `users`.`id` = 1  ORDER BY `users`.`id` ASC LIMIT 1
  [1m[36mUser Load (0.4ms)[0m  [1mSELECT `users`.* FROM `users`[0m
  Rendered friends/index.json.jbuilder (0.8ms)
Completed 200 OK in 54ms (Views: 48.6ms | ActiveRecord: 1.0ms)


Started GET "/friends/new" for 127.0.0.1 at 2016-05-21 11:17:52 +0200
Processing by FriendsController#new as HTML
  Rendered friends/new.html.erb within layouts/application (2.3ms)
  [1m[35mUser Load (0.3ms)[0m  SELECT  `users`.* FROM `users` WHERE `users`.`id` = 1  ORDER BY `users`.`id` ASC LIMIT 1
Completed 200 OK in 78ms (Views: 76.8ms | ActiveRecord: 0.3ms)


Started GET "/friends/jquery-1.12.0.min.js" for 127.0.0.1 at 2016-05-21 11:17:52 +0200

ActionController::RoutingError (No route matches [GET] "/friends/jquery-1.12.0.min.js"):
  actionpack (4.2.6) lib/action_dispatch/middleware/debug_exceptions.rb:21:in `call'
  web-console (2.3.0) lib/web_console/middleware.rb:28:in `block in call'
  web-console (2.3.0) lib/web_console/middleware.rb:18:in `catch'
  web-console (2.3.0) lib/web_console/middleware.rb:18:in `call'
  actionpack (4.2.6) lib/action_dispatch/middleware/show_exceptions.rb:30:in `call'
  railties (4.2.6) lib/rails/rack/logger.rb:38:in `call_app'
  railties (4.2.6) lib/rails/rack/logger.rb:20:in `block in call'
  activesupport (4.2.6) lib/active_support/tagged_logging.rb:68:in `block in tagged'
  activesupport (4.2.6) lib/active_support/tagged_logging.rb:26:in `tagged'
  activesupport (4.2.6) lib/active_support/tagged_logging.rb:68:in `tagged'
  railties (4.2.6) lib/rails/rack/logger.rb:20:in `call'
  actionpack (4.2.6) lib/action_dispatch/middleware/request_id.rb:21:in `call'
  rack (1.6.4) lib/rack/methodoverride.rb:22:in `call'
  rack (1.6.4) lib/rack/runtime.rb:18:in `call'
  activesupport (4.2.6) lib/active_support/cache/strategy/local_cache_middleware.rb:28:in `call'
  actionpack (4.2.6) lib/action_dispatch/middleware/static.rb:120:in `call'
  rack (1.6.4) lib/rack/sendfile.rb:113:in `call'
  railties (4.2.6) lib/rails/engine.rb:518:in `call'
  railties (4.2.6) lib/rails/application.rb:165:in `call'
  rack (1.6.4) lib/rack/content_length.rb:15:in `call'
  thin (1.6.4) lib/thin/connection.rb:86:in `block in pre_process'
  thin (1.6.4) lib/thin/connection.rb:84:in `catch'
  thin (1.6.4) lib/thin/connection.rb:84:in `pre_process'
  thin (1.6.4) lib/thin/connection.rb:53:in `process'
  faye-websocket (0.10.4) lib/faye/adapters/thin.rb:41:in `process'
  thin (1.6.4) lib/thin/connection.rb:39:in `receive_data'
  faye-websocket (0.10.4) lib/faye/adapters/thin.rb:46:in `receive_data'
  eventmachine (1.2.0.1) lib/eventmachine.rb:194:in `run_machine'
  eventmachine (1.2.0.1) lib/eventmachine.rb:194:in `run'
  thin (1.6.4) lib/thin/backends/base.rb:73:in `start'
  thin (1.6.4) lib/thin/server.rb:162:in `start'
  rack (1.6.4) lib/rack/handler/thin.rb:19:in `run'
  rack (1.6.4) lib/rack/server.rb:286:in `start'
  railties (4.2.6) lib/rails/commands/server.rb:80:in `start'
  railties (4.2.6) lib/rails/commands/commands_tasks.rb:80:in `block in server'
  railties (4.2.6) lib/rails/commands/commands_tasks.rb:75:in `tap'
  railties (4.2.6) lib/rails/commands/commands_tasks.rb:75:in `server'
  railties (4.2.6) lib/rails/commands/commands_tasks.rb:39:in `run_command!'
  railties (4.2.6) lib/rails/commands.rb:17:in `<top (required)>'
  bin/rails:4:in `require'
  bin/rails:4:in `<main>'


  Rendered /home/eman/.rvm/gems/ruby-2.3.0@rails4/gems/actionpack-4.2.6/lib/action_dispatch/middleware/templates/rescues/_trace.html.erb (1.1ms)
  Rendered /home/eman/.rvm/gems/ruby-2.3.0@rails4/gems/actionpack-4.2.6/lib/action_dispatch/middleware/templates/routes/_route.html.erb (2.7ms)
  Rendered /home/eman/.rvm/gems/ruby-2.3.0@rails4/gems/actionpack-4.2.6/lib/action_dispatch/middleware/templates/routes/_table.html.erb (1.1ms)
  Rendered /home/eman/.rvm/gems/ruby-2.3.0@rails4/gems/actionpack-4.2.6/lib/action_dispatch/middleware/templates/rescues/_request_and_response.html.erb (1.1ms)
  Rendered /home/eman/.rvm/gems/ruby-2.3.0@rails4/gems/actionpack-4.2.6/lib/action_dispatch/middleware/templates/rescues/routing_error.html.erb within rescues/layout (26.9ms)
  Rendered /home/eman/.rvm/gems/ruby-2.3.0@rails4/gems/web-console-2.3.0/lib/web_console/templates/_markup.html.erb (0.2ms)
  Rendered /home/eman/.rvm/gems/ruby-2.3.0@rails4/gems/web-console-2.3.0/lib/web_console/templates/_inner_console_markup.html.erb within layouts/inlined_string (0.2ms)
  Rendered /home/eman/.rvm/gems/ruby-2.3.0@rails4/gems/web-console-2.3.0/lib/web_console/templates/_prompt_box_markup.html.erb within layouts/inlined_string (0.2ms)
  Rendered /home/eman/.rvm/gems/ruby-2.3.0@rails4/gems/web-console-2.3.0/lib/web_console/templates/style.css.erb within layouts/inlined_string (0.2ms)
  Rendered /home/eman/.rvm/gems/ruby-2.3.0@rails4/gems/web-console-2.3.0/lib/web_console/templates/console.js.erb within layouts/javascript (13.3ms)
  Rendered /home/eman/.rvm/gems/ruby-2.3.0@rails4/gems/web-console-2.3.0/lib/web_console/templates/main.js.erb within layouts/javascript (0.3ms)
  Rendered /home/eman/.rvm/gems/ruby-2.3.0@rails4/gems/web-console-2.3.0/lib/web_console/templates/error_page.js.erb within layouts/javascript (0.4ms)
  Rendered /home/eman/.rvm/gems/ruby-2.3.0@rails4/gems/web-console-2.3.0/lib/web_console/templates/index.html.erb (28.7ms)


Started GET "/friends/friend.js" for 127.0.0.1 at 2016-05-21 11:17:52 +0200
Processing by FriendsController#show as JS
  Parameters: {"id"=>"friend"}
  [1m[36mFriend Load (0.2ms)[0m  [1mSELECT  `friends`.* FROM `friends` WHERE `friends`.`id` = 0 LIMIT 1[0m
Completed 404 Not Found in 1ms (ActiveRecord: 0.2ms)

ActiveRecord::RecordNotFound (Couldn't find Friend with 'id'=friend):
  app/controllers/friends_controller.rb:117:in `set_friend'


  Rendered /home/eman/.rvm/gems/ruby-2.3.0@rails4/gems/actionpack-4.2.6/lib/action_dispatch/middleware/templates/rescues/_source.erb (4.0ms)
  Rendered /home/eman/.rvm/gems/ruby-2.3.0@rails4/gems/actionpack-4.2.6/lib/action_dispatch/middleware/templates/rescues/_trace.html.erb (1.7ms)
  Rendered /home/eman/.rvm/gems/ruby-2.3.0@rails4/gems/actionpack-4.2.6/lib/action_dispatch/middleware/templates/rescues/_request_and_response.html.erb (0.7ms)
  Rendered /home/eman/.rvm/gems/ruby-2.3.0@rails4/gems/actionpack-4.2.6/lib/action_dispatch/middleware/templates/rescues/diagnostics.html.erb within rescues/layout (18.5ms)
  Rendered /home/eman/.rvm/gems/ruby-2.3.0@rails4/gems/web-console-2.3.0/lib/web_console/templates/_markup.html.erb (0.3ms)
  Rendered /home/eman/.rvm/gems/ruby-2.3.0@rails4/gems/web-console-2.3.0/lib/web_console/templates/_inner_console_markup.html.erb within layouts/inlined_string (0.2ms)
  Rendered /home/eman/.rvm/gems/ruby-2.3.0@rails4/gems/web-console-2.3.0/lib/web_console/templates/_prompt_box_markup.html.erb within layouts/inlined_string (0.4ms)
  Rendered /home/eman/.rvm/gems/ruby-2.3.0@rails4/gems/web-console-2.3.0/lib/web_console/templates/style.css.erb within layouts/inlined_string (1.1ms)
  Rendered /home/eman/.rvm/gems/ruby-2.3.0@rails4/gems/web-console-2.3.0/lib/web_console/templates/console.js.erb within layouts/javascript (16.4ms)
  Rendered /home/eman/.rvm/gems/ruby-2.3.0@rails4/gems/web-console-2.3.0/lib/web_console/templates/main.js.erb within layouts/javascript (0.2ms)
  Rendered /home/eman/.rvm/gems/ruby-2.3.0@rails4/gems/web-console-2.3.0/lib/web_console/templates/error_page.js.erb within layouts/javascript (0.3ms)
  Rendered /home/eman/.rvm/gems/ruby-2.3.0@rails4/gems/web-console-2.3.0/lib/web_console/templates/index.html.erb (30.7ms)


Started GET "/friends" for 127.0.0.1 at 2016-05-21 11:18:05 +0200
Processing by FriendsController#index as HTML
  [1m[35mFriend Load (0.3ms)[0m  SELECT `friends`.* FROM `friends`
  [1m[36mUser Load (0.3ms)[0m  [1mSELECT  `users`.* FROM `users` WHERE `users`.`id` = 1  ORDER BY `users`.`id` ASC LIMIT 1[0m
  [1m[35mUser Load (0.2ms)[0m  SELECT `users`.* FROM `users`
  Rendered friends/index.html.erb within layouts/application (0.9ms)
Completed 200 OK in 89ms (Views: 83.9ms | ActiveRecord: 0.8ms)


Started GET "/friends" for 127.0.0.1 at 2016-05-21 11:25:56 +0200
  [1m[36mActiveRecord::SchemaMigration Load (0.2ms)[0m  [1mSELECT `schema_migrations`.* FROM `schema_migrations`[0m
Processing by FriendsController#index as HTML
  [1m[35mFriend Load (0.2ms)[0m  SELECT `friends`.* FROM `friends`
  [1m[36mUser Load (0.3ms)[0m  [1mSELECT  `users`.* FROM `users` WHERE `users`.`id` = 1  ORDER BY `users`.`id` ASC LIMIT 1[0m
  [1m[35mUser Load (0.3ms)[0m  SELECT `users`.* FROM `users`
  Rendered friends/index.html.erb within layouts/application (3.8ms)
Completed 200 OK in 5779ms (Views: 5730.3ms | ActiveRecord: 2.9ms)


Started GET "/assets/scaffolds.self-4e4c8f4984d42ace73105fb93fee1e94845860c00c2a1e5da61d7527b5f6501a.css?body=1" for 127.0.0.1 at 2016-05-21 11:26:02 +0200


Started GET "/friends" for 127.0.0.1 at 2016-05-21 11:26:02 +0200
Processing by FriendsController#index as JSON
  [1m[36mFriend Load (0.4ms)[0m  [1mSELECT `friends`.* FROM `friends`[0m
  [1m[35mUser Load (0.3ms)[0m  SELECT  `users`.* FROM `users` WHERE `users`.`id` = 1  ORDER BY `users`.`id` ASC LIMIT 1
  [1m[36mUser Load (0.2ms)[0m  [1mSELECT `users`.* FROM `users`[0m
  Rendered friends/index.json.jbuilder (10.6ms)
Completed 200 OK in 72ms (Views: 59.5ms | ActiveRecord: 0.9ms)


Started GET "/groups" for 127.0.0.1 at 2016-05-21 11:26:15 +0200
Processing by GroupsController#index as HTML
  [1m[35mGroup Load (0.3ms)[0m  SELECT `groups`.* FROM `groups`
  [1m[36mUser Load (0.2ms)[0m  [1mSELECT  `users`.* FROM `users` WHERE `users`.`id` = 1  ORDER BY `users`.`id` ASC LIMIT 1[0m
  [1m[35mUser Load (0.3ms)[0m  SELECT  `users`.* FROM `users` WHERE `users`.`id` = 3 LIMIT 1
  [1m[36mCACHE (0.0ms)[0m  [1mSELECT  `users`.* FROM `users` WHERE `users`.`id` = 3 LIMIT 1[0m  [["id", 3]]
  [1m[35mUser Load (0.2ms)[0m  SELECT  `users`.* FROM `users` WHERE `users`.`id` = 1 LIMIT 1
  [1m[36mCACHE (0.0ms)[0m  [1mSELECT  `users`.* FROM `users` WHERE `users`.`id` = 3 LIMIT 1[0m  [["id", 3]]
  [1m[35mCACHE (0.0ms)[0m  SELECT  `users`.* FROM `users` WHERE `users`.`id` = 3 LIMIT 1  [["id", 3]]
  [1m[36mCACHE (0.0ms)[0m  [1mSELECT  `users`.* FROM `users` WHERE `users`.`id` = 1 LIMIT 1[0m  [["id", 1]]
  [1m[35mCACHE (0.0ms)[0m  SELECT  `users`.* FROM `users` WHERE `users`.`id` = 1 LIMIT 1  [["id", 1]]
  Rendered groups/index.html.erb within layouts/application (24.5ms)
Completed 200 OK in 110ms (Views: 103.5ms | ActiveRecord: 1.6ms)


Started GET "/groups/new" for 127.0.0.1 at 2016-05-21 11:26:16 +0200
Processing by GroupsController#new as HTML
  Rendered groups/_form.html.erb (31.8ms)
  Rendered groups/new.html.erb within layouts/application (41.9ms)
  [1m[36mUser Load (0.3ms)[0m  [1mSELECT  `users`.* FROM `users` WHERE `users`.`id` = 1  ORDER BY `users`.`id` ASC LIMIT 1[0m
Completed 200 OK in 144ms (Views: 142.6ms | ActiveRecord: 0.3ms)


Started GET "/groups" for 127.0.0.1 at 2016-05-21 11:26:18 +0200
Processing by GroupsController#index as HTML
  [1m[35mGroup Load (0.3ms)[0m  SELECT `groups`.* FROM `groups`
  [1m[36mUser Load (0.3ms)[0m  [1mSELECT  `users`.* FROM `users` WHERE `users`.`id` = 1  ORDER BY `users`.`id` ASC LIMIT 1[0m
  [1m[35mUser Load (0.2ms)[0m  SELECT  `users`.* FROM `users` WHERE `users`.`id` = 3 LIMIT 1
  [1m[36mCACHE (0.0ms)[0m  [1mSELECT  `users`.* FROM `users` WHERE `users`.`id` = 3 LIMIT 1[0m  [["id", 3]]
  [1m[35mUser Load (0.2ms)[0m  SELECT  `users`.* FROM `users` WHERE `users`.`id` = 1 LIMIT 1
  [1m[36mCACHE (0.0ms)[0m  [1mSELECT  `users`.* FROM `users` WHERE `users`.`id` = 3 LIMIT 1[0m  [["id", 3]]
  [1m[35mCACHE (0.0ms)[0m  SELECT  `users`.* FROM `users` WHERE `users`.`id` = 3 LIMIT 1  [["id", 3]]
  [1m[36mCACHE (0.0ms)[0m  [1mSELECT  `users`.* FROM `users` WHERE `users`.`id` = 1 LIMIT 1[0m  [["id", 1]]
  [1m[35mCACHE (0.0ms)[0m  SELECT  `users`.* FROM `users` WHERE `users`.`id` = 1 LIMIT 1  [["id", 1]]
  Rendered groups/index.html.erb within layouts/application (11.5ms)
Completed 200 OK in 106ms (Views: 103.8ms | ActiveRecord: 1.2ms)
